\BOOKMARK [0][-]{Doc-Start}{\376\377\000A\000B\000S\000T\000R\000A\000C\000T}{}% 1
\BOOKMARK [0][-]{Doc-Start}{\376\377\000L\000I\000S\000T\000\040\000O\000F\000\040\000F\000I\000G\000U\000R\000E\000S}{}% 2
\BOOKMARK [0][-]{Doc-Start}{\376\377\000L\000I\000S\000T\000\040\000O\000F\000\040\000T\000A\000B\000L\000E\000S}{}% 3
\BOOKMARK [0][-]{Doc-Start}{\376\377\000L\000I\000S\000T\000\040\000O\000F\000\040\000A\000L\000G\000O\000R\000I\000T\000H\000M\000S}{}% 4
\BOOKMARK [0][-]{chapter.1}{\376\377\000I\000N\000T\000R\000O\000D\000U\000C\000T\000I\000O\000N}{}% 5
\BOOKMARK [1][-]{section.1.1}{\376\377\000M\000o\000t\000i\000v\000a\000t\000i\000o\000n}{chapter.1}% 6
\BOOKMARK [1][-]{section.1.2}{\376\377\000K\000e\000y\000\040\000C\000h\000a\000l\000l\000e\000n\000g\000e\000s}{chapter.1}% 7
\BOOKMARK [1][-]{section.1.3}{\376\377\000P\000r\000o\000b\000l\000e\000m\000\040\000A\000d\000d\000r\000e\000s\000s\000e\000d\000\040\000i\000n\000\040\000T\000h\000e\000s\000i\000s}{chapter.1}% 8
\BOOKMARK [1][-]{section.1.4}{\376\377\000A\000p\000p\000r\000o\000a\000c\000h\000\040\000t\000o\000\040\000t\000h\000e\000\040\000P\000r\000o\000b\000l\000e\000m}{chapter.1}% 9
\BOOKMARK [1][-]{section.1.5}{\376\377\000O\000r\000g\000a\000n\000i\000z\000a\000t\000i\000o\000n\000\040\000o\000f\000\040\000t\000h\000e\000\040\000T\000h\000e\000s\000i\000s}{chapter.1}% 10
\BOOKMARK [0][-]{chapter.2}{\376\377\000R\000E\000V\000I\000E\000W\000\040\000O\000F\000\040\000L\000I\000T\000E\000R\000A\000T\000U\000R\000E}{}% 11
\BOOKMARK [1][-]{section.2.1}{\376\377\000M\000u\000l\000t\000i\000m\000o\000d\000a\000l\000\040\000F\000e\000d\000e\000r\000a\000t\000e\000d\000\040\000L\000e\000a\000r\000n\000i\000n\000g}{chapter.2}% 12
\BOOKMARK [1][-]{section.2.2}{\376\377\000H\000e\000t\000e\000r\000o\000g\000e\000n\000e\000o\000u\000s\000\040\000M\000u\000l\000t\000i\000m\000o\000d\000a\000l\000\040\000L\000e\000a\000r\000n\000i\000n\000g}{chapter.2}% 13
\BOOKMARK [1][-]{section.2.3}{\376\377\000I\000n\000t\000e\000g\000r\000a\000t\000i\000o\000n\000\040\000a\000n\000d\000\040\000P\000r\000o\000p\000a\000g\000a\000t\000i\000o\000n\000\040\000o\000f\000\040\000T\000r\000u\000s\000t}{chapter.2}% 14
\BOOKMARK [1][-]{section.2.4}{\376\377\000T\000r\000u\000s\000t\000\040\000I\000n\000t\000e\000g\000r\000a\000t\000i\000o\000n\000\040\000f\000o\000r\000\040\000S\000e\000c\000u\000r\000i\000t\000y}{chapter.2}% 15
\BOOKMARK [1][-]{section.2.5}{\376\377\000F\000e\000d\000e\000r\000a\000t\000e\000d\000\040\000L\000e\000a\000r\000n\000i\000n\000g\000\040\000T\000a\000x\000o\000n\000o\000m\000y\000\040\000a\000n\000d\000\040\000L\000o\000g\000i\000c}{chapter.2}% 16
\BOOKMARK [1][-]{section.2.6}{\376\377\000D\000i\000s\000e\000n\000t\000a\000n\000g\000l\000e\000d\000\040\000F\000e\000d\000e\000r\000a\000t\000e\000d\000\040\000L\000e\000a\000r\000n\000i\000n\000g}{chapter.2}% 17
\BOOKMARK [1][-]{section.2.7}{\376\377\000L\000i\000t\000e\000r\000a\000t\000u\000r\000e\000\040\000C\000o\000m\000p\000a\000r\000i\000s\000o\000n}{chapter.2}% 18
\BOOKMARK [1][-]{section.2.8}{\376\377\000S\000u\000m\000m\000a\000r\000y}{chapter.2}% 19
\BOOKMARK [0][-]{chapter.3}{\376\377\000M\000E\000T\000H\000O\000D\000O\000L\000O\000G\000Y}{}% 20
\BOOKMARK [1][-]{section.3.1}{\376\377\000S\000y\000s\000t\000e\000m\000\040\000O\000v\000e\000r\000v\000i\000e\000w}{chapter.3}% 21
\BOOKMARK [1][-]{section.3.2}{\376\377\000D\000a\000t\000a\000\040\000P\000r\000e\000p\000r\000o\000c\000e\000s\000s\000i\000n\000g}{chapter.3}% 22
\BOOKMARK [1][-]{section.3.3}{\376\377\000M\000u\000l\000t\000i\000m\000o\000d\000a\000l\000\040\000F\000e\000a\000t\000u\000r\000e\000\040\000E\000n\000c\000o\000d\000i\000n\000g}{chapter.3}% 23
\BOOKMARK [2][-]{subsection.3.3.1}{\376\377\000T\000e\000x\000t\000\040\000E\000n\000c\000o\000d\000i\000n\000g}{section.3.3}% 24
\BOOKMARK [2][-]{subsection.3.3.2}{\376\377\000I\000m\000a\000g\000e\000\040\000E\000n\000c\000o\000d\000i\000n\000g}{section.3.3}% 25
\BOOKMARK [2][-]{subsection.3.3.3}{\376\377\000M\000u\000l\000t\000i\000m\000o\000d\000a\000l\000\040\000F\000u\000s\000i\000o\000n}{section.3.3}% 26
\BOOKMARK [1][-]{section.3.4}{\376\377\000G\000r\000a\000p\000h\000\040\000N\000e\000u\000r\000a\000l\000\040\000N\000e\000t\000w\000o\000r\000k\000\040\000A\000r\000c\000h\000i\000t\000e\000c\000t\000u\000r\000e}{chapter.3}% 27
\BOOKMARK [2][-]{subsection.3.4.1}{\376\377\000G\000r\000a\000p\000h\000\040\000C\000o\000n\000s\000t\000r\000u\000c\000t\000i\000o\000n}{section.3.4}% 28
\BOOKMARK [2][-]{subsection.3.4.2}{\376\377\000M\000u\000l\000t\000i\000m\000o\000d\000a\000l\000\040\000G\000N\000N\000\040\000L\000a\000y\000e\000r}{section.3.4}% 29
\BOOKMARK [2][-]{subsection.3.4.3}{\376\377\000N\000o\000d\000e\000\040\000I\000n\000i\000t\000i\000a\000l\000i\000z\000a\000t\000i\000o\000n\000\040\000w\000i\000t\000h\000\040\000M\000u\000l\000t\000i\000m\000o\000d\000a\000l\000\040\000F\000e\000a\000t\000u\000r\000e\000s}{section.3.4}% 30
\BOOKMARK [2][-]{subsection.3.4.4}{\376\377\000L\000a\000y\000e\000r\000\040\000C\000o\000m\000b\000i\000n\000a\000t\000i\000o\000n\000\040\000a\000n\000d\000\040\000P\000r\000e\000d\000i\000c\000t\000i\000o\000n}{section.3.4}% 31
\BOOKMARK [2][-]{subsection.3.4.5}{\376\377\000T\000r\000a\000i\000n\000i\000n\000g\000\040\000O\000b\000j\000e\000c\000t\000i\000v\000e}{section.3.4}% 32
\BOOKMARK [1][-]{section.3.5}{\376\377\000G\000N\000N\000\040\000A\000r\000c\000h\000i\000t\000e\000c\000t\000u\000r\000e\000\040\000B\000e\000n\000e\000f\000i\000t\000s}{chapter.3}% 33
\BOOKMARK [1][-]{section.3.6}{\376\377\000T\000r\000u\000s\000t\000-\000A\000w\000a\000r\000e\000\040\000S\000c\000o\000r\000i\000n\000g\000\040\000M\000e\000c\000h\000a\000n\000i\000s\000m}{chapter.3}% 34
\BOOKMARK [1][-]{section.3.7}{\376\377\000F\000e\000d\000e\000r\000a\000t\000e\000d\000\040\000L\000e\000a\000r\000n\000i\000n\000g\000\040\000P\000r\000o\000t\000o\000c\000o\000l}{chapter.3}% 35
\BOOKMARK [2][-]{subsection.3.7.1}{\376\377\000L\000o\000c\000a\000l\000\040\000T\000r\000a\000i\000n\000i\000n\000g\000\040\000O\000b\000j\000e\000c\000t\000i\000v\000e}{section.3.7}% 36
\BOOKMARK [2][-]{subsection.3.7.2}{\376\377\000D\000i\000f\000f\000e\000r\000e\000n\000t\000i\000a\000l\000\040\000P\000r\000i\000v\000a\000c\000y\000\040\000P\000r\000o\000t\000e\000c\000t\000i\000o\000n}{section.3.7}% 37
\BOOKMARK [2][-]{subsection.3.7.3}{\376\377\000T\000r\000u\000s\000t\000-\000W\000e\000i\000g\000h\000t\000e\000d\000\040\000G\000l\000o\000b\000a\000l\000\040\000A\000g\000g\000r\000e\000g\000a\000t\000i\000o\000n}{section.3.7}% 38
\BOOKMARK [2][-]{subsection.3.7.4}{\376\377\000C\000o\000m\000m\000u\000n\000i\000c\000a\000t\000i\000o\000n\000\040\000E\000f\000f\000i\000c\000i\000e\000n\000c\000y}{section.3.7}% 39
\BOOKMARK [1][-]{section.3.8}{\376\377\000G\000e\000n\000e\000r\000a\000t\000i\000n\000g\000\040\000R\000e\000c\000o\000m\000m\000e\000n\000d\000a\000t\000i\000o\000n\000s}{chapter.3}% 40
\BOOKMARK [0][-]{chapter.4}{\376\377\000S\000Y\000S\000T\000E\000M\000\040\000I\000M\000P\000L\000E\000M\000E\000N\000T\000A\000T\000I\000O\000N\000\040\000A\000N\000D\000\040\000E\000X\000P\000E\000R\000I\000M\000E\000N\000T\000A\000L\000\040\000S\000E\000T\000U\000P}{}% 41
\BOOKMARK [1][-]{section.4.1}{\376\377\000S\000y\000s\000t\000e\000m\000\040\000A\000r\000c\000h\000i\000t\000e\000c\000t\000u\000r\000e\000\040\000O\000v\000e\000r\000v\000i\000e\000w}{chapter.4}% 42
\BOOKMARK [1][-]{section.4.2}{\376\377\000I\000m\000p\000l\000e\000m\000e\000n\000t\000a\000t\000i\000o\000n\000\040\000S\000t\000a\000c\000k}{chapter.4}% 43
\BOOKMARK [2][-]{subsection.4.2.1}{\376\377\000M\000u\000l\000t\000i\000m\000o\000d\000a\000l\000\040\000F\000e\000a\000t\000u\000r\000e\000\040\000P\000i\000p\000e\000l\000i\000n\000e}{section.4.2}% 44
\BOOKMARK [2][-]{subsection.4.2.2}{\376\377\000M\000o\000d\000e\000l\000\040\000T\000r\000a\000i\000n\000i\000n\000g\000\040\000I\000n\000f\000r\000a\000s\000t\000r\000u\000c\000t\000u\000r\000e}{section.4.2}% 45
\BOOKMARK [1][-]{section.4.3}{\376\377\000F\000e\000d\000e\000r\000a\000t\000e\000d\000\040\000L\000e\000a\000r\000n\000i\000n\000g\000\040\000P\000r\000o\000t\000o\000c\000o\000l}{chapter.4}% 46
\BOOKMARK [2][-]{subsection.4.3.1}{\376\377\000C\000l\000i\000e\000n\000t\000-\000S\000i\000d\000e\000\040\000L\000o\000c\000a\000l\000\040\000T\000r\000a\000i\000n\000i\000n\000g}{section.4.3}% 47
\BOOKMARK [2][-]{subsection.4.3.2}{\376\377\000S\000e\000r\000v\000e\000r\000-\000S\000i\000d\000e\000\040\000A\000g\000g\000r\000e\000g\000a\000t\000i\000o\000n}{section.4.3}% 48
\BOOKMARK [2][-]{subsection.4.3.3}{\376\377\000C\000o\000m\000m\000u\000n\000i\000c\000a\000t\000i\000o\000n\000\040\000P\000r\000o\000t\000o\000c\000o\000l}{section.4.3}% 49
\BOOKMARK [1][-]{section.4.4}{\376\377\000E\000x\000p\000e\000r\000i\000m\000e\000n\000t\000a\000l\000\040\000S\000e\000t\000u\000p}{chapter.4}% 50
\BOOKMARK [2][-]{subsection.4.4.1}{\376\377\000D\000a\000t\000a\000s\000e\000t\000\040\000D\000e\000s\000c\000r\000i\000p\000t\000i\000o\000n}{section.4.4}% 51
\BOOKMARK [2][-]{subsection.4.4.2}{\376\377\000F\000e\000d\000e\000r\000a\000t\000e\000d\000\040\000D\000a\000t\000a\000\040\000D\000i\000s\000t\000r\000i\000b\000u\000t\000i\000o\000n}{section.4.4}% 52
\BOOKMARK [2][-]{subsection.4.4.3}{\376\377\000E\000v\000a\000l\000u\000a\000t\000i\000o\000n\000\040\000P\000r\000o\000t\000o\000c\000o\000l}{section.4.4}% 53
\BOOKMARK [2][-]{subsection.4.4.4}{\376\377\000E\000v\000a\000l\000u\000a\000t\000i\000o\000n\000\040\000M\000e\000t\000r\000i\000c\000s}{section.4.4}% 54
\BOOKMARK [0][-]{chapter.5}{\376\377\000R\000E\000S\000U\000L\000T\000S\000\040\000A\000N\000D\000\040\000P\000E\000R\000F\000O\000R\000M\000A\000N\000C\000E\000\040\000E\000V\000A\000L\000U\000A\000T\000I\000O\000N}{}% 55
\BOOKMARK [1][-]{section.5.1}{\376\377\000C\000o\000m\000p\000a\000r\000a\000t\000i\000v\000e\000\040\000A\000n\000a\000l\000y\000s\000i\000s}{chapter.5}% 56
\BOOKMARK [1][-]{section.5.2}{\376\377\000P\000e\000r\000f\000o\000r\000m\000a\000n\000c\000e\000\040\000A\000c\000r\000o\000s\000s\000\040\000K\000\040\000V\000a\000l\000u\000e\000s}{chapter.5}% 57
\BOOKMARK [1][-]{section.5.3}{\376\377\000G\000N\000N\000\040\000P\000e\000r\000f\000o\000r\000m\000a\000n\000c\000e\000\040\000A\000n\000a\000l\000y\000s\000i\000s}{chapter.5}% 58
\BOOKMARK [1][-]{section.5.4}{\376\377\000C\000o\000l\000d\000-\000S\000t\000a\000r\000t\000\040\000A\000n\000a\000l\000y\000s\000i\000s}{chapter.5}% 59
\BOOKMARK [1][-]{section.5.5}{\376\377\000T\000r\000a\000i\000n\000i\000n\000g\000\040\000C\000o\000n\000v\000e\000r\000g\000e\000n\000c\000e\000\040\000A\000n\000a\000l\000y\000s\000i\000s}{chapter.5}% 60
\BOOKMARK [1][-]{section.5.6}{\376\377\000O\000v\000e\000r\000a\000l\000l\000\040\000A\000s\000s\000e\000s\000s\000m\000e\000n\000t}{chapter.5}% 61
\BOOKMARK [0][-]{chapter.6}{\376\377\000C\000O\000N\000C\000L\000U\000S\000I\000O\000N\000\040\000A\000N\000D\000\040\000F\000U\000T\000U\000R\000E\000\040\000W\000O\000R\000K}{}% 62
\BOOKMARK [1][-]{section.6.1}{\376\377\000S\000u\000m\000m\000a\000r\000y\000\040\000o\000f\000\040\000C\000o\000n\000t\000r\000i\000b\000u\000t\000i\000o\000n\000s}{chapter.6}% 63
\BOOKMARK [2][-]{subsection.6.1.1}{\376\377\000K\000e\000y\000\040\000A\000c\000h\000i\000e\000v\000e\000m\000e\000n\000t\000s}{section.6.1}% 64
\BOOKMARK [2][-]{subsection.6.1.2}{\376\377\000G\000N\000N\000\040\000P\000e\000r\000f\000o\000r\000m\000a\000n\000c\000e\000\040\000A\000n\000a\000l\000y\000s\000i\000s}{section.6.1}% 65
\BOOKMARK [1][-]{section.6.2}{\376\377\000L\000i\000m\000i\000t\000a\000t\000i\000o\000n\000s}{chapter.6}% 66
\BOOKMARK [1][-]{section.6.3}{\376\377\000F\000u\000t\000u\000r\000e\000\040\000W\000o\000r\000k}{chapter.6}% 67
\BOOKMARK [1][-]{section.6.4}{\376\377\000F\000i\000n\000a\000l\000\040\000R\000e\000m\000a\000r\000k\000s}{chapter.6}% 68
\BOOKMARK [-1][-]{chapter*.17}{\376\377\000A\000P\000P\000E\000N\000D\000I\000C\000E\000S}{}% 69
\BOOKMARK [0][-]{appendix.A}{\376\377\000F\000e\000d\000e\000r\000a\000t\000e\000d\000\040\000C\000o\000m\000m\000u\000n\000i\000c\000a\000t\000i\000o\000n\000\040\000O\000v\000e\000r\000h\000e\000a\000d}{chapter*.17}% 70
\BOOKMARK [0][-]{appendix.B}{\376\377\000A\000b\000l\000a\000t\000i\000o\000n\000\040\000S\000t\000u\000d\000y\000:\000\040\000M\000o\000d\000a\000l\000i\000t\000y\000\040\000C\000o\000m\000b\000i\000n\000a\000t\000i\000o\000n\000s}{chapter*.17}% 71
\BOOKMARK [0][-]{appendix.C}{\376\377\000T\000r\000a\000i\000n\000i\000n\000g\000\040\000H\000y\000p\000e\000r\000p\000a\000r\000a\000m\000e\000t\000e\000r\000s}{chapter*.17}% 72
\BOOKMARK [0][-]{appendix.D}{\376\377\000M\000o\000d\000e\000l\000\040\000A\000r\000c\000h\000i\000t\000e\000c\000t\000u\000r\000e\000\040\000D\000e\000t\000a\000i\000l\000s}{chapter*.17}% 73
\BOOKMARK [1][-]{section.D.1}{\376\377\000M\000u\000l\000t\000i\000m\000o\000d\000a\000l\000\040\000E\000n\000c\000o\000d\000e\000r\000\040\000C\000o\000n\000f\000i\000g\000u\000r\000a\000t\000i\000o\000n}{appendix.D}% 74
\BOOKMARK [1][-]{section.D.2}{\376\377\000N\000e\000u\000r\000a\000l\000\040\000N\000e\000t\000w\000o\000r\000k\000\040\000L\000a\000y\000e\000r\000\040\000S\000p\000e\000c\000i\000f\000i\000c\000a\000t\000i\000o\000n\000s}{appendix.D}% 75
\BOOKMARK [1][-]{section.D.3}{\376\377\000G\000r\000a\000p\000h\000\040\000N\000e\000u\000r\000a\000l\000\040\000N\000e\000t\000w\000o\000r\000k\000\040\000C\000o\000n\000f\000i\000g\000u\000r\000a\000t\000i\000o\000n}{appendix.D}% 76
\BOOKMARK [1][-]{section.D.4}{\376\377\000H\000a\000r\000d\000w\000a\000r\000e\000\040\000a\000n\000d\000\040\000S\000o\000f\000t\000w\000a\000r\000e\000\040\000E\000n\000v\000i\000r\000o\000n\000m\000e\000n\000t}{appendix.D}% 77
\BOOKMARK [0][-]{appendix.E}{\376\377\000F\000e\000d\000e\000r\000a\000t\000e\000d\000\040\000T\000r\000a\000i\000n\000i\000n\000g\000\040\000A\000l\000g\000o\000r\000i\000t\000h\000m}{chapter*.17}% 78
\BOOKMARK [0][-]{appendix.F}{\376\377\000D\000a\000t\000a\000s\000e\000t\000\040\000D\000e\000s\000c\000r\000i\000p\000t\000i\000o\000n}{chapter*.17}% 79
\BOOKMARK [1][-]{section.F.1}{\376\377\000Y\000e\000l\000p\000\040\000D\000a\000t\000a\000s\000e\000t\000\040\000O\000v\000e\000r\000v\000i\000e\000w}{appendix.F}% 80
\BOOKMARK [1][-]{section.F.2}{\376\377\000D\000a\000t\000a\000\040\000P\000r\000e\000p\000r\000o\000c\000e\000s\000s\000i\000n\000g}{appendix.F}% 81
\BOOKMARK [1][-]{section.F.3}{\376\377\000F\000e\000a\000t\000u\000r\000e\000\040\000E\000x\000t\000r\000a\000c\000t\000i\000o\000n}{appendix.F}% 82
\BOOKMARK [0][-]{appendix.G}{\376\377\000T\000r\000u\000s\000t\000\040\000C\000o\000m\000p\000u\000t\000a\000t\000i\000o\000n\000\040\000W\000o\000r\000k\000f\000l\000o\000w}{chapter*.17}% 83
\BOOKMARK [1][-]{section.G.1}{\376\377\000T\000r\000u\000s\000t\000\040\000S\000c\000o\000r\000e\000\040\000C\000o\000m\000p\000o\000n\000e\000n\000t\000s}{appendix.G}% 84
\BOOKMARK [1][-]{section.G.2}{\376\377\000C\000o\000m\000p\000o\000n\000e\000n\000t\000\040\000D\000e\000f\000i\000n\000i\000t\000i\000o\000n\000s}{appendix.G}% 85
\BOOKMARK [1][-]{section.G.3}{\376\377\000T\000r\000u\000s\000t\000\040\000C\000o\000m\000p\000u\000t\000a\000t\000i\000o\000n\000\040\000A\000l\000g\000o\000r\000i\000t\000h\000m}{appendix.G}% 86
\BOOKMARK [1][-]{section.G.4}{\376\377\000T\000r\000u\000s\000t\000-\000A\000w\000a\000r\000e\000\040\000R\000e\000c\000o\000m\000m\000e\000n\000d\000a\000t\000i\000o\000n\000\040\000S\000c\000o\000r\000e}{appendix.G}% 87
